[2017-11-09 12:13:07.680] [INFO] info - Search result of getAll Service [ { _id: 59f70749012f5e123856cc44,
    username: 'FulcrumOne',
    platform: 'Android',
    apiKey: 'AAAAmc71FM8:APA91bGhN2xcY5eDQJBIQRH-tFgvFRTiDIUkhplUGyBNauL8O8   7ow3N5lq1guX-1y2ZrfGFPRYV55Y7-inBpv0Ex54G8T4Pp046eFJUSQaXXrHkaTJ9eveK2nt-WL90VB8zGJFCAnuj9',
    registrationToken: 'dNVb29PoxfA:APA91bFGpoH4XcW8SMChjn_Lte7GDO_qRREo30ZtPI1v3i0w3tkGI-KVl18GCpLSAnlQaITZToBOg0n538XJIB_h4ecmrjS2xN5JIYixH1XnMo5mA2II4AFOLtRG3nyZ-fEYz2pccRhZ',
    deviceId: 456349,
    clientId: 170458,
    group: 'Fulcrum',
    __v: 0 },
  { _id: 59f70761012f5e123856cc45,
    username: 'suresh',
    platform: 'Android',
    apiKey: 'AAAAmc71FM8:APA91bGhN2xcY5eDQJBIQRH-tFgvFRTiDIUkhplUGyBNauL8O8   7ow3N5lq1guX-1y2ZrfGFPRYV55Y7-inBpv0Ex54G8T4Pp046eFJUSQaXXrHkaTJ9eveK2nt-WL90VB8zGJFCAnuj9',
    registrationToken: 'e2S6BvuslrQ:APA91bH_bczflkPQiECGZPhxkSxu9gmIIYR8cEfbby_vfxwzHTlEYqlOvC98TRkrObUrqQO1h_ol8pigJxlc2RPA7h-UEfVtD-Iq6W_b_IUzOECZAX0dW9MEJCWwoMslvPrIdlNC_UY6',
    deviceId: 456349,
    clientId: 170458,
    group: 'Fulcrum',
    __v: 0 },
  { _id: 59f70782012f5e123856cc46,
    username: 'rohan',
    platform: 'Android',
    apiKey: 'AAAAmc71FM8:APA91bGhN2xcY5eDQJBIQRH-tFgvFRTiDIUkhplUGyBNauL8O8   7ow3N5lq1guX-1y2ZrfGFPRYV55Y7-inBpv0Ex54G8T4Pp046eFJUSQaXXrHkaTJ9eveK2nt-WL90VB8zGJFCAnuj9',
    registrationToken: 'f4MRoQGVQWg:APA91bHeXCNb6eF4w_MQgfoO8OExyVPGY0WVJcz_IJMutPkcJhMDJAdX_djvb0LSG7Ms_3mri12Shvu_OCaT7P6tO_QMCMQ5-n9DUqqePMvJkl6GXZMPHssHhtYBLtIj3xhOUd0F2LfB',
    deviceId: 456349,
    clientId: 170458,
    group: 'Fulcrum',
    __v: 0 },
  { _id: 59f707c2012f5e123856cc47,
    username: 'fulcrumOne',
    platform: 'Android',
    apiKey: 'AAAAmc71FM8:APA91bGhN2xcY5eDQJBIQRH-tFgvFRTiDIUkhplUGyBNauL8O8   7ow3N5lq1guX-1y2ZrfGFPRYV55Y7-inBpv0Ex54G8T4Pp046eFJUSQaXXrHkaTJ9eveK2nt-WL90VB8zGJFCAnuj9',
    registrationToken: 'dt_YWzTWV-s:APA91bFR-semt5FN6Lkf7I_c5GqN8FuBIPLqguzPxhP49TwBhp1oE00Z7yBthP8bCU2mY0YxpkA2jOlTSzXEMRoQlMlfOr5ucgXrYQfZi7Sbbs-bq4lgW-nQvK7iUJM0o2pB223_FdVH',
    deviceId: 456350,
    clientId: 170458,
    group: 'Fulcrum',
    __v: 0 },
  { _id: 59f707e8012f5e123856cc48,
    username: 'amolSir',
    platform: 'Android',
    apiKey: 'AAAAmc71FM8:APA91bGhN2xcY5eDQJBIQRH-tFgvFRTiDIUkhplUGyBNauL8O8   7ow3N5lq1guX-1y2ZrfGFPRYV55Y7-inBpv0Ex54G8T4Pp046eFJUSQaXXrHkaTJ9eveK2nt-WL90VB8zGJFCAnuj9',
    registrationToken: 'eWVamcEw1wk:APA91bFB50dB-5NTROUBrqKGxFNt7BAse3pjEpO6PbblbvuEK5Esqt2dioErfKb0tRrnOeINnBxOn3KdWZdWHKHCtnDZM71Qjc8CqNCvkWuTkKHI34r0zs3Y4MfdsC2ibTskWY7-iceX',
    deviceId: 456350,
    clientId: 170458,
    group: 'Fulcrum',
    __v: 0 },
  { _id: 59f7080e012f5e123856cc49,
    username: 'sandeep',
    platform: 'Android',
    apiKey: 'AAAAmc71FM8:APA91bGhN2xcY5eDQJBIQRH-tFgvFRTiDIUkhplUGyBNauL8O8   7ow3N5lq1guX-1y2ZrfGFPRYV55Y7-inBpv0Ex54G8T4Pp046eFJUSQaXXrHkaTJ9eveK2nt-WL90VB8zGJFCAnuj9',
    registrationToken: 'fNbR8Gdec6c:APA91bFQ_pzNhsNaIDcbvMjlTPhUuS6k9E0ZVMlml05W7gKBPe4BnXoHbNoLWxRPy9Hz7XLhjmQ0ajTuGSql1Zx086EI40gRu7xV3SqQx_64DZZQNBAROcTzcpaBojriUxRqbQBsXCoy',
    deviceId: 456350,
    clientId: 170458,
    group: 'Fulcrum',
    __v: 0 },
  { _id: 59f70c812456241cec55f11b,
    username: 'FulcrumOne',
    platform: 'Android',
    apiKey: 'AAAAmc71FM8:APA91bGhN2xcY5eDQJBIQRH-tFgvFRTiDIUkhplUGyBNauL8O8   7ow3N5lq1guX-1y2ZrfGFPRYV55Y7-inBpv0Ex54G8T4Pp046eFJUSQaXXrHkaTJ9eveK2nt-WL90VB8zGJFCAnuj9',
    registrationToken: 'dt_YWzTWV-s:APA91bFR-semt5FN6Lkf7I_c5GqN8FuBIPLqguzPxhP49TwBhp1oE00Z7yBthP8bCU2mY0YxpkA2jOlTSzXEMRoQlMlfOr5ucgXrYQfZi7Sbbs-bq4lgW-nQvK7iUJM0o2pB223_FdVH',
    deviceId: 456350,
    clientId: 170458,
    group: 'Fulcrum',
    __v: 0 },
  { _id: 59f71a892456241cec55f11c,
    username: 'sureshc',
    platform: 'Android',
    apiKey: 'AAAAmc71FM8:APA91bGhN2xcY5eDQJBIQRH-tFgvFRTiDIUkhplUGyBNauL8O8   7ow3N5lq1guX-1y2ZrfGFPRYV55Y7-inBpv0Ex54G8T4Pp046eFJUSQaXXrHkaTJ9eveK2nt-WL90VB8zGJFCAnuj9',
    registrationToken: 'cFa5aM-qWLw:APA91bFDoU-NF_Zv4Qv0pAa3HbVaQaQgR4EdbEsQlI16rBVOG_MuryxtX8yF3Wh_lHIa61WxtT2yfeDmsKF8uj3nfXYWOpCFNJQadZvJdfLP8GRlrmIiWw02vEN1PN4lYB0wSiTMjkeh',
    deviceId: 456350,
    clientId: 170458,
    group: 'Fulcrum',
    __v: 0 },
  { _id: 59f87a1029597e0d7c1789d1,
    username: 'sureshchouksey',
    platform: 'Android',
    apiKey: 'AAAAmc71FM8:APA91bGhN2xcY5eDQJBIQRH-tFgvFRTiDIUkhplUGyBNauL8O8   7ow3N5lq1guX-1y2ZrfGFPRYV55Y7-inBpv0Ex54G8T4Pp046eFJUSQaXXrHkaTJ9eveK2nt-WL90VB8zGJFCAnuj9',
    registrationToken: 'eiHtpT0lq0Q:APA91bFOZcSlRjNUJUrCgx09q657mzp0d9hvoVkmpLqUL1b0HjJzyWqzMLMKmdcxyz_G0begyzO4fBVqWMEnYeUpSsc5nNjwp5mHg-aUTXVVdJp9Vba1djM3UbimyBt2guNR5TtqnXsZ',
    deviceId: 456350,
    clientId: 170458,
    group: 'Fulcrum',
    __v: 0 },
  { _id: 59faca0671ca0b85cb27f93f,
    deviceId: 456350,
    username: 'sdash',
    __v: 0,
    platform: 'Android',
    apiKey: 'AAAAmc71FM8:APA91bGhN2xcY5eDQJBIQRH-tFgvFRTiDIUkhplUGyBNauL8O8   7ow3N5lq1guX-1y2ZrfGFPRYV55Y7-inBpv0Ex54G8T4Pp046eFJUSQaXXrHkaTJ9eveK2nt-WL90VB8zGJFCAnuj9',
    registrationToken: 'ckTrKrsTU0g:APA91bE_8vZuABKlvfOPbz6KfSX_XRbserXO7yTq0J2ygBMaLItYErXW239CAOJD1qfe4c1cMG6SiBVNp-wOlgwiKoFKjvEkzOdIV_OVg4rc1Sgu1LSY9SyXw2QRJYhhWjLCzc_75Gtn',
    clientId: 170458,
    group: 'Fulcrum',
    packageName: 'opusNeo' },
  { _id: 59fadb2271ca0b85cb288a4d,
    deviceId: 456350,
    username: 'test1',
    __v: 0,
    platform: 'Android',
    apiKey: 'AAAAmc71FM8:APA91bGhN2xcY5eDQJBIQRH-tFgvFRTiDIUkhplUGyBNauL8O8   7ow3N5lq1guX-1y2ZrfGFPRYV55Y7-inBpv0Ex54G8T4Pp046eFJUSQaXXrHkaTJ9eveK2nt-WL90VB8zGJFCAnuj9',
    registrationToken: 'eCXKPxfh858:APA91bE3caSHCqC_vZ2ghiNjQPXia8fF6CpPlHitqB3bcIScdRC4i1Y-ygvfsRd30ChASF1V_6UHSCKuo3pzc4lYgTrtb18b5kXvc9qzF0uWm2kHkdBxted7IniVySB_coQZHuxWcY76',
    clientId: 170458,
    group: 'Fulcrum',
    packageName: 'opusNeoTwo' },
  { _id: 59fc74c171ca0b85cb377572,
    deviceId: 456350,
    username: 'sureshchoukseyc',
    __v: 0,
    platform: 'Android',
    apiKey: 'AAAAmc71FM8:APA91bGhN2xcY5eDQJBIQRH-tFgvFRTiDIUkhplUGyBNauL8O8   7ow3N5lq1guX-1y2ZrfGFPRYV55Y7-inBpv0Ex54G8T4Pp046eFJUSQaXXrHkaTJ9eveK2nt-WL90VB8zGJFCAnuj9',
    registrationToken: 'eiHtpT0lq0Q:APA91bFOZcSlRjNUJUrCgx09q657mzp0d9hvoVkmpLqUL1b0HjJzyWqzMLMKmdcxyz_G0begyzO4fBVqWMEnYeUpSsc5nNjwp5mHg-aUTXVVdJp9Vba1djM3UbimyBt2guNR5TtqnXsZ',
    clientId: 170458,
    group: 'Fulcrum',
    packageName: 'opusNeoTwo' },
  { _id: 5a02ae7bd579b30012820ec2,
    username: 'adadf',
    platform: 'android',
    apiKey: 'asdfdf',
    registrationToken: 'addf',
    deviceId: 121212,
    clientId: 112121,
    packageName: 'adfadf',
    group: 'asdfdf',
    __v: 0 },
  { _id: 5a02b5a0d579b30012820ec3,
    username: 'NewFulcrum',
    platform: 'android',
    apiKey: 'adfdf',
    registrationToken: 'adfadf',
    deviceId: 131313,
    clientId: 2232323,
    packageName: 'adfdaf',
    group: 'adfdf',
    __v: 0 },
  { _id: 5a02b5e0d579b30012820ec4,
    username: 'NewFL',
    platform: 'android',
    apiKey: 'adfdf',
    registrationToken: 'asdfdf',
    deviceId: 232323,
    clientId: 232323,
    packageName: 'asdfdf',
    group: 'adfdf',
    __v: 0 },
  { _id: 5a03050a71ca0b85cb727efa,
    deviceId: 343434,
    username: 'KiranM',
    __v: 0,
    platform: 'android',
    apiKey: 'adfadf',
    registrationToken: 'ch_IAlANb08:APA91bHAC_NcC9t3lkxzAp1wIyr7BfFun6_nm2Gx9g2lU_wZygjae9T2Ni3MxuDs9wjG7md08sQXAT6oB6DqRzXZ10UqBfp0fp5JWSEoLv0u6tWPLe1jvK9SRR1bJ5zth4V2vP-ix0Wu',
    clientId: 223,
    packageName: 'opusNeoTwo',
    group: 'asddf' },
  { _id: 5a03ebf371ca0b85cb7a295b,
    deviceId: 456654,
    username: 'test',
    __v: 0,
    platform: 'android',
    apiKey: 'AAAAmc71FM8:APA91bGhN2xcY5eDQJBIQRH-tFgvFRTiDIUkhplUGyBNauL8O8   7ow3N5lq1guX-1y2ZrfGFPRYV55Y7-inBpv0Ex54G8T4Pp046eFJUSQaXXrHkaTJ9eveK2nt-WL90VB8zGJFCAnuj9',
    registrationToken: 'fFMGVCtMubE:APA91bFqqpHx2YqQWPxm5VSE8lYFqlXYTGz5IrvtViMF6rlAB8sEHFGvNNG0OAWU_cRpwIsONbNfRWRDNNsNCpYE1NecyMH-RYfZ0Vij696cV7mLcDwUKnppS4xQpSJTPZye-HtIrstA',
    clientId: 45646,
    packageName: 'opusNeoTwo',
    group: 'fulcrum' },
  { _id: 5a03f6c971ca0b85cb7a814c,
    deviceId: 222222,
    username: 'kiranmohare',
    __v: 0,
    platform: 'android',
    apiKey: 'AAAAmc71FM8:APA91bGhN2xcY5eDQJBIQRH-tFgvFRTiDIUkhplUGyBNauL8O8   7ow3N5lq1guX-1y2ZrfGFPRYV55Y7-inBpv0Ex54G8T4Pp046eFJUSQaXXrHkaTJ9eveK2nt-WL90VB8zGJFCAnuj9',
    registrationToken: 'fFMGVCtMubE:APA91bFqqpHx2YqQWPxm5VSE8lYFqlXYTGz5IrvtViMF6rlAB8sEHFGvNNG0OAWU_cRpwIsONbNfRWRDNNsNCpYE1NecyMH-RYfZ0Vij696cV7mLcDwUKnppS4xQpSJTPZye-HtIrstA',
    clientId: 2222222,
    packageName: 'opusNeoTwo',
    group: 'fulcrum' } ]
[2017-11-09 12:15:21.694] [INFO] info - Request body of sendToDeviceWithMultipleNotification Service [ { username: [ 'sureshc' ],
    notification: { title: 'Fulcrum Alert', body: 'Test Message 1' },
    packageName: 'opusNeo' } ]
[2017-11-09 12:15:32.613] [INFO] info - Request body of sendToDeviceWithMultipleNotification Service [ { username: 'sureshc',
    notification: { title: 'Fulcrum Alert', body: 'Test Message 1' },
    packageName: 'opusNeo' } ]
[2017-11-09 12:15:32.831] [INFO] info - registrationTokens:Input parameter of send messaging service in FCM [ 'cFa5aM-qWLw:APA91bFDoU-NF_Zv4Qv0pAa3HbVaQaQgR4EdbEsQlI16rBVOG_MuryxtX8yF3Wh_lHIa61WxtT2yfeDmsKF8uj3nfXYWOpCFNJQadZvJdfLP8GRlrmIiWw02vEN1PN4lYB0wSiTMjkeh' ]
[2017-11-09 12:15:32.832] [INFO] info - payload:Input parameter of send messaging service in FCM { notification: { title: 'Fulcrum Alert', body: 'Test Message 1' } }
[2017-11-09 12:15:33.670] [INFO] info - responseList [ { results: [ [Object] ],
    canonicalRegistrationTokenCount: 0,
    failureCount: 0,
    successCount: 1,
    multicastId: 8778784434332021000 } ]
